2025-04-21 13:07:00 | INFO | repo=a4m36jee-2014-clustering-seminar | action=commit
2025-01-25 10:15:00 | WARN | repo=a4m36jee-2014-clustering-seminar | action=pull
2025-08-22 18:58:00 | DEBUG | repo=a4m36jee-2014-clustering-seminar | action=commit
2025-03-11 09:38:00 | INFO | repo=a4m36jee-2014-clustering-seminar | action=commit
2025-07-15 10:41:00 | INFO | repo=a4m36jee-2014-clustering-seminar | action=commit
2025-10-14 16:22:00 | WARN | repo=a4m36jee-2014-clustering-seminar | action=pull
2025-01-13 18:33:00 | WARN | repo=a4m36jee-2014-clustering-seminar | action=edit | files=1
2025-08-23 11:56:00 | WARN | repo=a4m36jee-2014-clustering-seminar | action=commit
2025-02-19 10:21:00 | INFO | repo=a4m36jee-2014-clustering-seminar | action=commit
2025-01-06 14:15:00 | DEBUG | repo=a4m36jee-2014-clustering-seminar | action=commit
2025-01-22 07:09:00 | DEBUG | repo=a4m36jee-2014-clustering-seminar | action=commit
2025-05-06 19:18:00 | INFO | repo=a4m36jee-2014-clustering-seminar | action=edit | files=1
2025-12-18 08:54:00 | DEBUG | repo=a4m36jee-2014-clustering-seminar | action=commit
2025-05-12 19:14:00 | DEBUG | repo=a4m36jee-2014-clustering-seminar | action=pull
2025-09-14 09:27:00 | INFO | repo=a4m36jee-2014-clustering-seminar | action=edit | files=2
2025-08-16 15:43:00 | WARN | repo=a4m36jee-2014-clustering-seminar | action=commit
2025-12-22 07:15:00 | INFO | repo=a4m36jee-2014-clustering-seminar | action=commit
2025-08-06 20:13:00 | WARN | repo=a4m36jee-2014-clustering-seminar | action=pull
2025-06-13 13:34:00 | INFO | repo=a4m36jee-2014-clustering-seminar | action=commit
2025-05-18 09:44:00 | WARN | repo=a4m36jee-2014-clustering-seminar | action=pull
2025-03-24 20:05:00 | WARN | repo=a4m36jee-2014-clustering-seminar | action=edit | files=1
2025-11-12 20:46:00 | DEBUG | repo=a4m36jee-2014-clustering-seminar | action=commit
2025-01-10 13:56:00 | INFO | repo=a4m36jee-2014-clustering-seminar | action=edit | files=3
2025-07-11 11:52:00 | INFO | repo=a4m36jee-2014-clustering-seminar | action=pull
2025-06-05 10:26:00 | INFO | repo=a4m36jee-2014-clustering-seminar | action=commit
2025-04-10 13:07:00 | INFO | repo=a4m36jee-2014-clustering-seminar | action=commit
2025-09-22 14:35:00 | INFO | repo=a4m36jee-2014-clustering-seminar | action=commit
2025-06-27 21:16:00 | DEBUG | repo=a4m36jee-2014-clustering-seminar | action=commit
2025-06-26 19:28:00 | DEBUG | repo=a4m36jee-2014-clustering-seminar | action=commit
2025-12-12 11:34:00 | WARN | repo=a4m36jee-2014-clustering-seminar | action=commit
2025-02-08 21:40:00 | INFO | repo=a4m36jee-2014-clustering-seminar | action=commit
2025-05-28 20:09:00 | INFO | repo=a4m36jee-2014-clustering-seminar | action=commit
2025-04-10 12:09:00 | WARN | repo=a4m36jee-2014-clustering-seminar | action=test | passed=true
2025-04-18 21:03:00 | INFO | repo=a4m36jee-2014-clustering-seminar | action=test | passed=true
2025-12-06 08:23:00 | DEBUG | repo=a4m36jee-2014-clustering-seminar | action=commit
2025-11-11 07:31:00 | INFO | repo=a4m36jee-2014-clustering-seminar | action=commit
2025-12-19 18:13:00 | WARN | repo=a4m36jee-2014-clustering-seminar | action=pull
2025-01-20 15:14:00 | DEBUG | repo=a4m36jee-2014-clustering-seminar | action=commit
2025-06-21 21:03:00 | DEBUG | repo=a4m36jee-2014-clustering-seminar | action=test | passed=true
2025-03-26 11:01:00 | INFO | repo=a4m36jee-2014-clustering-seminar | action=commit
2025-05-02 10:28:00 | DEBUG | repo=a4m36jee-2014-clustering-seminar | action=commit
2025-08-27 14:08:00 | INFO | repo=a4m36jee-2014-clustering-seminar | action=commit
2025-01-22 10:41:00 | DEBUG | repo=a4m36jee-2014-clustering-seminar | action=commit
2025-05-14 15:58:00 | DEBUG | repo=a4m36jee-2014-clustering-seminar | action=commit
2025-11-18 20:37:00 | WARN | repo=a4m36jee-2014-clustering-seminar | action=commit
2025-05-10 21:19:00 | DEBUG | repo=a4m36jee-2014-clustering-seminar | action=commit
2025-06-26 08:48:00 | INFO | repo=a4m36jee-2014-clustering-seminar | action=test | passed=true
2025-04-09 09:19:00 | WARN | repo=a4m36jee-2014-clustering-seminar | action=commit
2025-04-16 18:03:00 | DEBUG | repo=a4m36jee-2014-clustering-seminar | action=commit
2025-05-28 20:19:00 | DEBUG | repo=a4m36jee-2014-clustering-seminar | action=edit | files=2
2025-08-10 12:35:00 | DEBUG | repo=a4m36jee-2014-clustering-seminar | action=commit
2025-08-17 08:27:00 | INFO | repo=a4m36jee-2014-clustering-seminar | action=commit
2025-09-17 13:35:00 | INFO | repo=a4m36jee-2014-clustering-seminar | action=commit
2025-09-14 07:38:00 | WARN | repo=a4m36jee-2014-clustering-seminar | action=commit
2025-02-09 09:22:00 | WARN | repo=a4m36jee-2014-clustering-seminar | action=commit
2025-10-14 18:32:00 | DEBUG | repo=a4m36jee-2014-clustering-seminar | action=commit
2025-06-10 14:51:00 | DEBUG | repo=a4m36jee-2014-clustering-seminar | action=commit
2025-06-25 08:00:00 | DEBUG | repo=a4m36jee-2014-clustering-seminar | action=test | passed=true
2025-06-13 14:48:00 | INFO | repo=a4m36jee-2014-clustering-seminar | action=commit
2025-08-27 11:04:00 | DEBUG | repo=a4m36jee-2014-clustering-seminar | action=edit | files=3
2025-05-24 16:21:00 | INFO | repo=a4m36jee-2014-clustering-seminar | action=commit
2025-03-28 16:53:00 | DEBUG | repo=a4m36jee-2014-clustering-seminar | action=test | passed=true
2025-07-07 13:21:00 | INFO | repo=a4m36jee-2014-clustering-seminar | action=commit
2025-02-04 07:47:00 | WARN | repo=a4m36jee-2014-clustering-seminar | action=pull
2025-04-12 18:06:00 | WARN | repo=a4m36jee-2014-clustering-seminar | action=edit | files=4
2025-02-13 13:47:00 | DEBUG | repo=a4m36jee-2014-clustering-seminar | action=test | passed=true
2025-09-02 19:09:00 | DEBUG | repo=a4m36jee-2014-clustering-seminar | action=commit
2025-09-20 08:20:00 | DEBUG | repo=a4m36jee-2014-clustering-seminar | action=test | passed=true
2025-11-23 13:01:00 | WARN | repo=a4m36jee-2014-clustering-seminar | action=edit | files=1
2025-08-27 18:30:00 | INFO | repo=a4m36jee-2014-clustering-seminar | action=commit
2025-12-17 17:09:00 | INFO | repo=a4m36jee-2014-clustering-seminar | action=commit
2025-12-07 15:47:00 | WARN | repo=a4m36jee-2014-clustering-seminar | action=commit
2025-08-25 14:15:00 | INFO | repo=a4m36jee-2014-clustering-seminar | action=commit
2025-07-01 18:07:00 | WARN | repo=a4m36jee-2014-clustering-seminar | action=commit
2025-11-07 18:09:00 | DEBUG | repo=a4m36jee-2014-clustering-seminar | action=commit
2025-03-04 09:41:00 | WARN | repo=a4m36jee-2014-clustering-seminar | action=commit
2025-02-17 16:24:00 | DEBUG | repo=a4m36jee-2014-clustering-seminar | action=commit
2025-04-13 21:24:00 | INFO | repo=a4m36jee-2014-clustering-seminar | action=pull
2025-06-13 12:47:00 | WARN | repo=a4m36jee-2014-clustering-seminar | action=edit | files=4
2025-09-10 18:48:00 | INFO | repo=a4m36jee-2014-clustering-seminar | action=commit
2025-12-07 15:49:00 | DEBUG | repo=a4m36jee-2014-clustering-seminar | action=commit
2025-06-17 21:34:00 | INFO | repo=a4m36jee-2014-clustering-seminar | action=commit
2025-11-06 12:50:00 | WARN | repo=a4m36jee-2014-clustering-seminar | action=commit
2025-01-23 13:05:00 | DEBUG | repo=a4m36jee-2014-clustering-seminar | action=commit
2025-03-12 10:18:00 | INFO | repo=a4m36jee-2014-clustering-seminar | action=commit
2025-04-21 14:31:00 | WARN | repo=a4m36jee-2014-clustering-seminar | action=commit
2025-01-15 14:51:00 | WARN | repo=a4m36jee-2014-clustering-seminar | action=commit
2025-05-24 08:10:00 | INFO | repo=a4m36jee-2014-clustering-seminar | action=commit
2025-04-15 18:43:00 | DEBUG | repo=a4m36jee-2014-clustering-seminar | action=commit
2025-06-15 08:58:00 | WARN | repo=a4m36jee-2014-clustering-seminar | action=commit
2025-03-01 09:20:00 | WARN | repo=a4m36jee-2014-clustering-seminar | action=commit
2025-12-20 13:52:00 | INFO | repo=a4m36jee-2014-clustering-seminar | action=commit
2025-03-07 18:48:00 | INFO | repo=a4m36jee-2014-clustering-seminar | action=commit
2025-02-24 07:49:00 | WARN | repo=a4m36jee-2014-clustering-seminar | action=commit
2025-03-24 11:22:00 | DEBUG | repo=a4m36jee-2014-clustering-seminar | action=commit
2025-05-16 21:56:00 | INFO | repo=a4m36jee-2014-clustering-seminar | action=commit
